# JRE version: Java(TM) SE Runtime Environment (8.0_281-b09) (build 1.8.0_281-b09)
# Java VM: Java HotSpot(TM) Server VM (25.281-b09 mixed mode linux-x86 )
Heap:
 PSYoungGen      total 12544K, used 7267K [0xe3f80000, 0xe4c40000, 0xe6a00000)
  eden space 12032K, 60% used [0xe3f80000,0xe468ce08,0xe4b40000)
  from space 512K, 9% used [0xe4bc0000,0xe4bcc000,0xe4c40000)
  to   space 512K, 0% used [0xe4b40000,0xe4b40000,0xe4bc0000)
 ParOldGen       total 43776K, used 1355K [0xdea00000, 0xe14c0000, 0xe3f80000)
  object space 43776K, 3% used [0xdea00000,0xdeb52d30,0xe14c0000)
 Metaspace       used 5898K, capacity 6042K, committed 6168K, reserved 6448K
GC Heap History (10 events):
Event: 29243.156 GC heap before
{Heap before GC invocations=44 (full 0):
 PSYoungGen      total 12544K, used 12080K [0xe3f80000, 0xe4c40000, 0xe6a00000)
  eden space 12032K, 100% used [0xe3f80000,0xe4b40000,0xe4b40000)
  from space 512K, 9% used [0xe4b40000,0xe4b4c000,0xe4bc0000)
  to   space 512K, 0% used [0xe4bc0000,0xe4bc0000,0xe4c40000)
 ParOldGen       total 43776K, used 1355K [0xdea00000, 0xe14c0000, 0xe3f80000)
  object space 43776K, 3% used [0xdea00000,0xdeb52d30,0xe14c0000)
 Metaspace       used 5898K, capacity 6042K, committed 6168K, reserved 6448K
Event: 29243.157 GC heap after
Heap after GC invocations=44 (full 0):
 PSYoungGen      total 12544K, used 48K [0xe3f80000, 0xe4c40000, 0xe6a00000)
  eden space 12032K, 0% used [0xe3f80000,0xe3f80000,0xe4b40000)
  from space 512K, 9% used [0xe4bc0000,0xe4bcc000,0xe4c40000)
  to   space 512K, 0% used [0xe4b40000,0xe4b40000,0xe4bc0000)
 ParOldGen       total 43776K, used 1355K [0xdea00000, 0xe14c0000, 0xe3f80000)
  object space 43776K, 3% used [0xdea00000,0xdeb52d30,0xe14c0000)
 Metaspace       used 5898K, capacity 6042K, committed 6168K, reserved 6448K
}
Event: 30150.400 GC heap before
{Heap before GC invocations=45 (full 0):
 PSYoungGen      total 12544K, used 12080K [0xe3f80000, 0xe4c40000, 0xe6a00000)
  eden space 12032K, 100% used [0xe3f80000,0xe4b40000,0xe4b40000)
  from space 512K, 9% used [0xe4bc0000,0xe4bcc000,0xe4c40000)
  to   space 512K, 0% used [0xe4b40000,0xe4b40000,0xe4bc0000)
 ParOldGen       total 43776K, used 1355K [0xdea00000, 0xe14c0000, 0xe3f80000)
  object space 43776K, 3% used [0xdea00000,0xdeb52d30,0xe14c0000)
 Metaspace       used 5898K, capacity 6042K, committed 6168K, reserved 6448K
Event: 30150.401 GC heap after
Heap after GC invocations=45 (full 0):
 PSYoungGen      total 12544K, used 48K [0xe3f80000, 0xe4c40000, 0xe6a00000)
  eden space 12032K, 0% used [0xe3f80000,0xe3f80000,0xe4b40000)
  from space 512K, 9% used [0xe4b40000,0xe4b4c000,0xe4bc0000)
  to   space 512K, 0% used [0xe4bc0000,0xe4bc0000,0xe4c40000)
 ParOldGen       total 43776K, used 1355K [0xdea00000, 0xe14c0000, 0xe3f80000)
  object space 43776K, 3% used [0xdea00000,0xdeb52d30,0xe14c0000)
 Metaspace       used 5898K, capacity 6042K, committed 6168K, reserved 6448K
}
Event: 31045.898 GC heap before
{Heap before GC invocations=46 (full 0):
 PSYoungGen      total 12544K, used 12080K [0xe3f80000, 0xe4c40000, 0xe6a00000)
  eden space 12032K, 100% used [0xe3f80000,0xe4b40000,0xe4b40000)
  from space 512K, 9% used [0xe4b40000,0xe4b4c000,0xe4bc0000)
  to   space 512K, 0% used [0xe4bc0000,0xe4bc0000,0xe4c40000)
 ParOldGen       total 43776K, used 1355K [0xdea00000, 0xe14c0000, 0xe3f80000)
  object space 43776K, 3% used [0xdea00000,0xdeb52d30,0xe14c0000)
 Metaspace       used 5898K, capacity 6042K, committed 6168K, reserved 6448K
Event: 31045.899 GC heap after
Heap after GC invocations=46 (full 0):
 PSYoungGen      total 12544K, used 64K [0xe3f80000, 0xe4c40000, 0xe6a00000)
  eden space 12032K, 0% used [0xe3f80000,0xe3f80000,0xe4b40000)
  from space 512K, 12% used [0xe4bc0000,0xe4bd0000,0xe4c40000)
  to   space 512K, 0% used [0xe4b40000,0xe4b40000,0xe4bc0000)
 ParOldGen       total 43776K, used 1355K [0xdea00000, 0xe14c0000, 0xe3f80000)
  object space 43776K, 3% used [0xdea00000,0xdeb52d30,0xe14c0000)
 Metaspace       used 5898K, capacity 6042K, committed 6168K, reserved 6448K
}
Event: 32024.849 GC heap before
{Heap before GC invocations=47 (full 0):
 PSYoungGen      total 12544K, used 12096K [0xe3f80000, 0xe4c40000, 0xe6a00000)
  eden space 12032K, 100% used [0xe3f80000,0xe4b40000,0xe4b40000)
  from space 512K, 12% used [0xe4bc0000,0xe4bd0000,0xe4c40000)
  to   space 512K, 0% used [0xe4b40000,0xe4b40000,0xe4bc0000)
 ParOldGen       total 43776K, used 1355K [0xdea00000, 0xe14c0000, 0xe3f80000)
  object space 43776K, 3% used [0xdea00000,0xdeb52d30,0xe14c0000)
 Metaspace       used 5898K, capacity 6042K, committed 6168K, reserved 6448K
Event: 32024.850 GC heap after
Heap after GC invocations=47 (full 0):
 PSYoungGen      total 12544K, used 64K [0xe3f80000, 0xe4c40000, 0xe6a00000)
  eden space 12032K, 0% used [0xe3f80000,0xe3f80000,0xe4b40000)
  from space 512K, 12% used [0xe4b40000,0xe4b50000,0xe4bc0000)
  to   space 512K, 0% used [0xe4bc0000,0xe4bc0000,0xe4c40000)
 ParOldGen       total 43776K, used 1355K [0xdea00000, 0xe14c0000, 0xe3f80000)
  object space 43776K, 3% used [0xdea00000,0xdeb52d30,0xe14c0000)
 Metaspace       used 5898K, capacity 6042K, committed 6168K, reserved 6448K
}
Event: 32974.058 GC heap before
{Heap before GC invocations=48 (full 0):
 PSYoungGen      total 12544K, used 12096K [0xe3f80000, 0xe4c40000, 0xe6a00000)
  eden space 12032K, 100% used [0xe3f80000,0xe4b40000,0xe4b40000)
  from space 512K, 12% used [0xe4b40000,0xe4b50000,0xe4bc0000)
  to   space 512K, 0% used [0xe4bc0000,0xe4bc0000,0xe4c40000)
 ParOldGen       total 43776K, used 1355K [0xdea00000, 0xe14c0000, 0xe3f80000)
  object space 43776K, 3% used [0xdea00000,0xdeb52d30,0xe14c0000)
 Metaspace       used 5898K, capacity 6042K, committed 6168K, reserved 6448K
Event: 32974.061 GC heap after
Heap after GC invocations=48 (full 0):
 PSYoungGen      total 12544K, used 48K [0xe3f80000, 0xe4c40000, 0xe6a00000)
  eden space 12032K, 0% used [0xe3f80000,0xe3f80000,0xe4b40000)
  from space 512K, 9% used [0xe4bc0000,0xe4bcc000,0xe4c40000)
  to   space 512K, 0% used [0xe4b40000,0xe4b40000,0xe4bc0000)
 ParOldGen       total 43776K, used 1355K [0xdea00000, 0xe14c0000, 0xe3f80000)
  object space 43776K, 3% used [0xdea00000,0xdeb52d30,0xe14c0000)
 Metaspace       used 5898K, capacity 6042K, committed 6168K, reserved 6448K
}

