# JRE version: Java(TM) SE Runtime Environment (8.0_281-b09) (build 1.8.0_281-b09)
# Java VM: Java HotSpot(TM) Server VM (25.281-b09 mixed mode linux-x86 )
Heap:
 PSYoungGen      total 12544K, used 3160K [0xe3f80000, 0xe4c40000, 0xe6a00000)
  eden space 12032K, 26% used [0xe3f80000,0xe428e300,0xe4b40000)
  from space 512K, 6% used [0xe4bc0000,0xe4bc8000,0xe4c40000)
  to   space 512K, 0% used [0xe4b40000,0xe4b40000,0xe4bc0000)
 ParOldGen       total 43776K, used 1345K [0xdea00000, 0xe14c0000, 0xe3f80000)
  object space 43776K, 3% used [0xdea00000,0xdeb50560,0xe14c0000)
 Metaspace       used 5906K, capacity 6074K, committed 6168K, reserved 6448K
GC Heap History (10 events):
Event: 29574.949 GC heap before
{Heap before GC invocations=44 (full 0):
 PSYoungGen      total 12544K, used 12080K [0xe3f80000, 0xe4c40000, 0xe6a00000)
  eden space 12032K, 100% used [0xe3f80000,0xe4b40000,0xe4b40000)
  from space 512K, 9% used [0xe4b40000,0xe4b4c000,0xe4bc0000)
  to   space 512K, 0% used [0xe4bc0000,0xe4bc0000,0xe4c40000)
 ParOldGen       total 43776K, used 1345K [0xdea00000, 0xe14c0000, 0xe3f80000)
  object space 43776K, 3% used [0xdea00000,0xdeb50560,0xe14c0000)
 Metaspace       used 5906K, capacity 6074K, committed 6168K, reserved 6448K
Event: 29574.950 GC heap after
Heap after GC invocations=44 (full 0):
 PSYoungGen      total 12544K, used 48K [0xe3f80000, 0xe4c40000, 0xe6a00000)
  eden space 12032K, 0% used [0xe3f80000,0xe3f80000,0xe4b40000)
  from space 512K, 9% used [0xe4bc0000,0xe4bcc000,0xe4c40000)
  to   space 512K, 0% used [0xe4b40000,0xe4b40000,0xe4bc0000)
 ParOldGen       total 43776K, used 1345K [0xdea00000, 0xe14c0000, 0xe3f80000)
  object space 43776K, 3% used [0xdea00000,0xdeb50560,0xe14c0000)
 Metaspace       used 5906K, capacity 6074K, committed 6168K, reserved 6448K
}
Event: 30430.591 GC heap before
{Heap before GC invocations=45 (full 0):
 PSYoungGen      total 12544K, used 12080K [0xe3f80000, 0xe4c40000, 0xe6a00000)
  eden space 12032K, 100% used [0xe3f80000,0xe4b40000,0xe4b40000)
  from space 512K, 9% used [0xe4bc0000,0xe4bcc000,0xe4c40000)
  to   space 512K, 0% used [0xe4b40000,0xe4b40000,0xe4bc0000)
 ParOldGen       total 43776K, used 1345K [0xdea00000, 0xe14c0000, 0xe3f80000)
  object space 43776K, 3% used [0xdea00000,0xdeb50560,0xe14c0000)
 Metaspace       used 5906K, capacity 6074K, committed 6168K, reserved 6448K
Event: 30430.593 GC heap after
Heap after GC invocations=45 (full 0):
 PSYoungGen      total 12544K, used 32K [0xe3f80000, 0xe4c40000, 0xe6a00000)
  eden space 12032K, 0% used [0xe3f80000,0xe3f80000,0xe4b40000)
  from space 512K, 6% used [0xe4b40000,0xe4b48000,0xe4bc0000)
  to   space 512K, 0% used [0xe4bc0000,0xe4bc0000,0xe4c40000)
 ParOldGen       total 43776K, used 1345K [0xdea00000, 0xe14c0000, 0xe3f80000)
  object space 43776K, 3% used [0xdea00000,0xdeb50560,0xe14c0000)
 Metaspace       used 5906K, capacity 6074K, committed 6168K, reserved 6448K
}
Event: 31356.019 GC heap before
{Heap before GC invocations=46 (full 0):
 PSYoungGen      total 12544K, used 12064K [0xe3f80000, 0xe4c40000, 0xe6a00000)
  eden space 12032K, 100% used [0xe3f80000,0xe4b40000,0xe4b40000)
  from space 512K, 6% used [0xe4b40000,0xe4b48000,0xe4bc0000)
  to   space 512K, 0% used [0xe4bc0000,0xe4bc0000,0xe4c40000)
 ParOldGen       total 43776K, used 1345K [0xdea00000, 0xe14c0000, 0xe3f80000)
  object space 43776K, 3% used [0xdea00000,0xdeb50560,0xe14c0000)
 Metaspace       used 5906K, capacity 6074K, committed 6168K, reserved 6448K
Event: 31356.020 GC heap after
Heap after GC invocations=46 (full 0):
 PSYoungGen      total 12544K, used 32K [0xe3f80000, 0xe4c40000, 0xe6a00000)
  eden space 12032K, 0% used [0xe3f80000,0xe3f80000,0xe4b40000)
  from space 512K, 6% used [0xe4bc0000,0xe4bc8000,0xe4c40000)
  to   space 512K, 0% used [0xe4b40000,0xe4b40000,0xe4bc0000)
 ParOldGen       total 43776K, used 1345K [0xdea00000, 0xe14c0000, 0xe3f80000)
  object space 43776K, 3% used [0xdea00000,0xdeb50560,0xe14c0000)
 Metaspace       used 5906K, capacity 6074K, committed 6168K, reserved 6448K
}
Event: 32309.484 GC heap before
{Heap before GC invocations=47 (full 0):
 PSYoungGen      total 12544K, used 12064K [0xe3f80000, 0xe4c40000, 0xe6a00000)
  eden space 12032K, 100% used [0xe3f80000,0xe4b40000,0xe4b40000)
  from space 512K, 6% used [0xe4bc0000,0xe4bc8000,0xe4c40000)
  to   space 512K, 0% used [0xe4b40000,0xe4b40000,0xe4bc0000)
 ParOldGen       total 43776K, used 1345K [0xdea00000, 0xe14c0000, 0xe3f80000)
  object space 43776K, 3% used [0xdea00000,0xdeb50560,0xe14c0000)
 Metaspace       used 5906K, capacity 6074K, committed 6168K, reserved 6448K
Event: 32309.485 GC heap after
Heap after GC invocations=47 (full 0):
 PSYoungGen      total 12544K, used 32K [0xe3f80000, 0xe4c40000, 0xe6a00000)
  eden space 12032K, 0% used [0xe3f80000,0xe3f80000,0xe4b40000)
  from space 512K, 6% used [0xe4b40000,0xe4b48000,0xe4bc0000)
  to   space 512K, 0% used [0xe4bc0000,0xe4bc0000,0xe4c40000)
 ParOldGen       total 43776K, used 1345K [0xdea00000, 0xe14c0000, 0xe3f80000)
  object space 43776K, 3% used [0xdea00000,0xdeb50560,0xe14c0000)
 Metaspace       used 5906K, capacity 6074K, committed 6168K, reserved 6448K
}
Event: 33230.846 GC heap before
{Heap before GC invocations=48 (full 0):
 PSYoungGen      total 12544K, used 12064K [0xe3f80000, 0xe4c40000, 0xe6a00000)
  eden space 12032K, 100% used [0xe3f80000,0xe4b40000,0xe4b40000)
  from space 512K, 6% used [0xe4b40000,0xe4b48000,0xe4bc0000)
  to   space 512K, 0% used [0xe4bc0000,0xe4bc0000,0xe4c40000)
 ParOldGen       total 43776K, used 1345K [0xdea00000, 0xe14c0000, 0xe3f80000)
  object space 43776K, 3% used [0xdea00000,0xdeb50560,0xe14c0000)
 Metaspace       used 5906K, capacity 6074K, committed 6168K, reserved 6448K
Event: 33230.847 GC heap after
Heap after GC invocations=48 (full 0):
 PSYoungGen      total 12544K, used 32K [0xe3f80000, 0xe4c40000, 0xe6a00000)
  eden space 12032K, 0% used [0xe3f80000,0xe3f80000,0xe4b40000)
  from space 512K, 6% used [0xe4bc0000,0xe4bc8000,0xe4c40000)
  to   space 512K, 0% used [0xe4b40000,0xe4b40000,0xe4bc0000)
 ParOldGen       total 43776K, used 1345K [0xdea00000, 0xe14c0000, 0xe3f80000)
  object space 43776K, 3% used [0xdea00000,0xdeb50560,0xe14c0000)
 Metaspace       used 5906K, capacity 6074K, committed 6168K, reserved 6448K
}

